  源.cpp
c:\users\xin75\desktop\db实验五\code\project1\project1\源.cpp(250): warning C4101: “lent6”: 未引用的局部变量
c:\users\xin75\desktop\db实验五\code\project1\project1\源.cpp(250): warning C4101: “lent7”: 未引用的局部变量
c:\users\xin75\desktop\db实验五\code\project1\project1\源.cpp(250): warning C4101: “lent5”: 未引用的局部变量
c:\users\xin75\desktop\db实验五\code\project1\project1\源.cpp(250): warning C4101: “lent2”: 未引用的局部变量
c:\users\xin75\desktop\db实验五\code\project1\project1\源.cpp(250): warning C4101: “lent3”: 未引用的局部变量
c:\users\xin75\desktop\db实验五\code\project1\project1\源.cpp(250): warning C4101: “lent4”: 未引用的局部变量
c:\users\xin75\desktop\db实验五\code\project1\project1\源.cpp(310): warning C4101: “lent6”: 未引用的局部变量
c:\users\xin75\desktop\db实验五\code\project1\project1\源.cpp(310): warning C4101: “lent7”: 未引用的局部变量
c:\users\xin75\desktop\db实验五\code\project1\project1\源.cpp(310): warning C4101: “lent5”: 未引用的局部变量
c:\users\xin75\desktop\db实验五\code\project1\project1\源.cpp(310): warning C4101: “lent2”: 未引用的局部变量
c:\users\xin75\desktop\db实验五\code\project1\project1\源.cpp(310): warning C4101: “lent3”: 未引用的局部变量
c:\users\xin75\desktop\db实验五\code\project1\project1\源.cpp(310): warning C4101: “lent4”: 未引用的局部变量
c:\users\xin75\desktop\db实验五\code\project1\project1\源.cpp(367): warning C4101: “add_t”: 未引用的局部变量
c:\users\xin75\desktop\db实验五\code\project1\project1\源.cpp(433): warning C4101: “lent8”: 未引用的局部变量
c:\users\xin75\desktop\db实验五\code\project1\project1\源.cpp(433): warning C4101: “lent6”: 未引用的局部变量
c:\users\xin75\desktop\db实验五\code\project1\project1\源.cpp(433): warning C4101: “lent7”: 未引用的局部变量
c:\users\xin75\desktop\db实验五\code\project1\project1\源.cpp(433): warning C4101: “lent5”: 未引用的局部变量
c:\users\xin75\desktop\db实验五\code\project1\project1\源.cpp(433): warning C4101: “lent9”: 未引用的局部变量
c:\users\xin75\desktop\db实验五\code\project1\project1\源.cpp(432): warning C4101: “s”: 未引用的局部变量
  Project1.vcxproj -> C:\Users\xin75\Desktop\DB实验五\Code\Project1\x64\Debug\Project1.exe
